Cloning the remote Git repository
Cloning with configured refspecs honoured and without tags
Cloning repository https://github.com/swestermire/ReactReduxEcoGame.git
 > git init /var/jenkins_home/workspace/ReactReduxEcoGame_master-A5ZZKO4WXECR57DCRRPS35M3CAXDDT34YXRH6RFDSBLFPA654WEA # timeout=10
Fetching upstream changes from https://github.com/swestermire/ReactReduxEcoGame.git
 > git --version # timeout=10
using GIT_ASKPASS to set credentials GitHub Access Token
 > git fetch --no-tags --progress https://github.com/swestermire/ReactReduxEcoGame.git +refs/heads/master:refs/remotes/origin/master
 > git config remote.origin.url https://github.com/swestermire/ReactReduxEcoGame.git # timeout=10
 > git config --add remote.origin.fetch +refs/heads/master:refs/remotes/origin/master # timeout=10
 > git config remote.origin.url https://github.com/swestermire/ReactReduxEcoGame.git # timeout=10
Fetching without tags
Fetching upstream changes from https://github.com/swestermire/ReactReduxEcoGame.git
using GIT_ASKPASS to set credentials GitHub Access Token
 > git fetch --no-tags --progress https://github.com/swestermire/ReactReduxEcoGame.git +refs/heads/master:refs/remotes/origin/master
Checking out Revision 3ba633522c05fea5f40fe9a03d19fea27d8ba51a (master)
 > git config core.sparsecheckout # timeout=10
 > git checkout -f 3ba633522c05fea5f40fe9a03d19fea27d8ba51a
Commit message: "oh blue ocean"
First time build. Skipping changelog.
