--- Copying files at Wed Nov 15 06:23:10 UTC 2017
INSTALLED init.groovy.d/tcp-slave-agent-port.groovy
INSTALLED plugins/workflow-cps-global-lib.jpi : 2.9
INSTALLED plugins/pipeline-model-definition.jpi : 1.2.4
INSTALLED plugins/workflow-support.jpi : 2.16
INSTALLED plugins/cloudbees-folder.jpi : 6.2.1
INSTALLED plugins/credentials-binding.jpi : 1.13
INSTALLED plugins/docker-workflow.jpi : 1.14
INSTALLED plugins/branch-api.jpi : 2.0.15
INSTALLED plugins/git-server.jpi : 1.7
INSTALLED plugins/display-url-api.jpi : 2.1.0
INSTALLED plugins/blueocean-dashboard.jpi : 1.3.2
INSTALLED plugins/plain-credentials.jpi : 1.4
INSTALLED plugins/git-client.jpi : 2.6.0
INSTALLED plugins/favorite.jpi : 2.3.1
INSTALLED plugins/blueocean-bitbucket-pipeline.jpi : 1.3.2
INSTALLED plugins/jsch.jpi : 0.1.54.1
INSTALLED plugins/workflow-cps.jpi : 2.41
INSTALLED plugins/blueocean-pipeline-scm-api.jpi : 1.3.2
INSTALLED plugins/blueocean-commons.jpi : 1.3.2
INSTALLED plugins/pipeline-input-step.jpi : 2.8
INSTALLED plugins/ssh-credentials.jpi : 1.13
INSTALLED plugins/blueocean-pipeline-api-impl.jpi : 1.3.2
INSTALLED plugins/matrix-project.jpi : 1.12
INSTALLED plugins/pipeline-graph-analysis.jpi : 1.5
INSTALLED plugins/authentication-tokens.jpi : 1.3
INSTALLED plugins/pubsub-light.jpi : 1.12
INSTALLED plugins/jira.jpi : 2.5
INSTALLED plugins/pipeline-build-step.jpi : 2.5.1
INSTALLED plugins/blueocean-rest.jpi : 1.3.2
INSTALLED plugins/github-api.jpi : 1.90
INSTALLED plugins/scm-api.jpi : 2.2.5
INSTALLED plugins/ace-editor.jpi : 1.1
INSTALLED plugins/blueocean-jwt.jpi : 1.3.2
INSTALLED plugins/workflow-job.jpi : 2.11.1
INSTALLED plugins/github.jpi : 1.28.1
INSTALLED plugins/junit.jpi : 1.21
INSTALLED plugins/variant.jpi : 1.1
INSTALLED plugins/pipeline-model-extensions.jpi : 1.2.4
INSTALLED plugins/docker-commons.jpi : 1.9
INSTALLED plugins/workflow-api.jpi : 2.23.1
INSTALLED plugins/workflow-multibranch.jpi : 2.16
INSTALLED plugins/blueocean-display-url.jpi : 2.1.1
INSTALLED plugins/blueocean-config.jpi : 1.3.2
INSTALLED plugins/blueocean-events.jpi : 1.3.2
INSTALLED plugins/sse-gateway.jpi : 1.15
INSTALLED plugins/jquery-detached.jpi : 1.2.1
INSTALLED plugins/workflow-step-api.jpi : 2.13
INSTALLED plugins/script-security.jpi : 1.35
INSTALLED plugins/blueocean-pipeline-editor.jpi : 1.3.2
INSTALLED plugins/blueocean-rest-impl.jpi : 1.3.2
INSTALLED plugins/apache-httpcomponents-client-4-api.jpi : 4.5.3-2.0
INSTALLED plugins/pipeline-stage-tags-metadata.jpi : 1.2.4
INSTALLED plugins/cloudbees-bitbucket-branch-source.jpi : 2.2.7
INSTALLED plugins/workflow-durable-task-step.jpi : 2.17
INSTALLED plugins/mailer.jpi : 1.20
INSTALLED plugins/workflow-scm-step.jpi : 2.6
INSTALLED plugins/jackson2-api.jpi : 2.8.7.0
INSTALLED plugins/pipeline-stage-step.jpi : 2.3
INSTALLED plugins/durable-task.jpi : 1.15
INSTALLED plugins/blueocean.jpi : 1.3.2
INSTALLED plugins/structs.jpi : 1.10
INSTALLED plugins/blueocean-web.jpi : 1.3.2
INSTALLED plugins/credentials.jpi : 2.1.16
INSTALLED plugins/blueocean-autofavorite.jpi : 1.1.0
INSTALLED plugins/workflow-basic-steps.jpi : 2.6
INSTALLED plugins/pipeline-milestone-step.jpi : 1.3.1
INSTALLED plugins/htmlpublisher.jpi : 1.14
INSTALLED plugins/blueocean-git-pipeline.jpi : 1.3.2
INSTALLED plugins/blueocean-github-pipeline.jpi : 1.3.2
INSTALLED plugins/blueocean-i18n.jpi : 1.3.2
INSTALLED plugins/blueocean-personalization.jpi : 1.3.2
INSTALLED plugins/github-branch-source.jpi : 2.3.1
INSTALLED plugins/git.jpi : 3.6.4
INSTALLED plugins/pipeline-model-api.jpi : 1.2.4
INSTALLED plugins/mercurial.jpi : 2.2
INSTALLED plugins/blueocean-jira.jpi : 1.3.2
INSTALLED plugins/pipeline-model-declarative-agent.jpi : 1.1.1
INSTALLED plugins/matrix-auth.jpi : 2.2
INSTALLED plugins/token-macro.jpi : 2.3
INSTALLED plugins/antisamy-markup-formatter.jpi : 1.5
--- Copying files at Wed Nov 15 06:24:28 UTC 2017
